Build started 3/23/2017 9:40:14 PM.
Project "E:\projects\SilentTurtle\Tryouts\test2\testApp.sln" on node 1 (publish target(s)).
ValidateSolutionConfiguration:
  Building solution configuration "Release|Any CPU".
The target "_ConvertPdbFiles" listed in a BeforeTargets attribute at "C:\Program Files (x86)\MSBuild\14.0\Microsoft.Common.targets\ImportAfter\Xamarin.Common.targets (34,37)" does not exist in the project, and will be ignored.
The target "_CollectPdbFiles" listed in an AfterTargets attribute at "C:\Program Files (x86)\MSBuild\14.0\Microsoft.Common.targets\ImportAfter\Xamarin.Common.targets (34,70)" does not exist in the project, and will be ignored.
The target "_CollectMdbFiles" listed in a BeforeTargets attribute at "C:\Program Files (x86)\MSBuild\14.0\Microsoft.Common.targets\ImportAfter\Xamarin.Common.targets (41,38)" does not exist in the project, and will be ignored.
The target "_CopyMdbFiles" listed in an AfterTargets attribute at "C:\Program Files (x86)\MSBuild\14.0\Microsoft.Common.targets\ImportAfter\Xamarin.Common.targets (41,71)" does not exist in the project, and will be ignored.
The target "MvcBuildViews" listed in a BeforeTargets attribute at "C:\Program Files (x86)\MSBuild\Microsoft\VisualStudio\v14.0\Web\Microsoft.Web.Publishing.targets (845,131)" does not exist in the project, and will be ignored.
Project "E:\projects\SilentTurtle\Tryouts\test2\testApp.sln" (1) is building "E:\projects\SilentTurtle\Tryouts\test2\testApp\testApp.csproj" (2) on node 1 (Publish target(s)).
_DeploymentUnpublishable:
  Skipping unpublishable project.
Done Building Project "E:\projects\SilentTurtle\Tryouts\test2\testApp\testApp.csproj" (Publish target(s)).
The target "_ConvertPdbFiles" listed in a BeforeTargets attribute at "C:\Program Files (x86)\MSBuild\14.0\Microsoft.Common.targets\ImportAfter\Xamarin.Common.targets (34,37)" does not exist in the project, and will be ignored.
The target "_CollectPdbFiles" listed in an AfterTargets attribute at "C:\Program Files (x86)\MSBuild\14.0\Microsoft.Common.targets\ImportAfter\Xamarin.Common.targets (34,70)" does not exist in the project, and will be ignored.
The target "_CollectMdbFiles" listed in a BeforeTargets attribute at "C:\Program Files (x86)\MSBuild\14.0\Microsoft.Common.targets\ImportAfter\Xamarin.Common.targets (41,38)" does not exist in the project, and will be ignored.
The target "_CopyMdbFiles" listed in an AfterTargets attribute at "C:\Program Files (x86)\MSBuild\14.0\Microsoft.Common.targets\ImportAfter\Xamarin.Common.targets (41,71)" does not exist in the project, and will be ignored.
Project "E:\projects\SilentTurtle\Tryouts\test2\testApp.sln" (1) is building "E:\projects\SilentTurtle\Tryouts\test2\testApp.Tests\testApp.Tests.csproj" (3) on node 1 (Publish target(s)).
_DeploymentUnpublishable:
  Skipping unpublishable project.
Done Building Project "E:\projects\SilentTurtle\Tryouts\test2\testApp.Tests\testApp.Tests.csproj" (Publish target(s)).
Done Building Project "E:\projects\SilentTurtle\Tryouts\test2\testApp.sln" (publish target(s)).

Build succeeded.
    0 Warning(s)
    0 Error(s)

Time Elapsed 00:00:00.65
Build started 3/23/2017 9:41:37 PM.
Project "E:\projects\SilentTurtle\Tryouts\test2\testApp.sln" on node 1 (publish target(s)).
ValidateSolutionConfiguration:
  Building solution configuration "Release|Any CPU".
The target "_ConvertPdbFiles" listed in a BeforeTargets attribute at "C:\Program Files (x86)\MSBuild\14.0\Microsoft.Common.targets\ImportAfter\Xamarin.Common.targets (34,37)" does not exist in the project, and will be ignored.
The target "_CollectPdbFiles" listed in an AfterTargets attribute at "C:\Program Files (x86)\MSBuild\14.0\Microsoft.Common.targets\ImportAfter\Xamarin.Common.targets (34,70)" does not exist in the project, and will be ignored.
The target "_CollectMdbFiles" listed in a BeforeTargets attribute at "C:\Program Files (x86)\MSBuild\14.0\Microsoft.Common.targets\ImportAfter\Xamarin.Common.targets (41,38)" does not exist in the project, and will be ignored.
The target "_CopyMdbFiles" listed in an AfterTargets attribute at "C:\Program Files (x86)\MSBuild\14.0\Microsoft.Common.targets\ImportAfter\Xamarin.Common.targets (41,71)" does not exist in the project, and will be ignored.
The target "MvcBuildViews" listed in a BeforeTargets attribute at "C:\Program Files (x86)\MSBuild\Microsoft\VisualStudio\v14.0\Web\Microsoft.Web.Publishing.targets (845,131)" does not exist in the project, and will be ignored.
Project "E:\projects\SilentTurtle\Tryouts\test2\testApp.sln" (1) is building "E:\projects\SilentTurtle\Tryouts\test2\testApp\testApp.csproj" (2) on node 1 (Publish target(s)).
_DeploymentUnpublishable:
  Skipping unpublishable project.
Done Building Project "E:\projects\SilentTurtle\Tryouts\test2\testApp\testApp.csproj" (Publish target(s)).
The target "_ConvertPdbFiles" listed in a BeforeTargets attribute at "C:\Program Files (x86)\MSBuild\14.0\Microsoft.Common.targets\ImportAfter\Xamarin.Common.targets (34,37)" does not exist in the project, and will be ignored.
The target "_CollectPdbFiles" listed in an AfterTargets attribute at "C:\Program Files (x86)\MSBuild\14.0\Microsoft.Common.targets\ImportAfter\Xamarin.Common.targets (34,70)" does not exist in the project, and will be ignored.
The target "_CollectMdbFiles" listed in a BeforeTargets attribute at "C:\Program Files (x86)\MSBuild\14.0\Microsoft.Common.targets\ImportAfter\Xamarin.Common.targets (41,38)" does not exist in the project, and will be ignored.
The target "_CopyMdbFiles" listed in an AfterTargets attribute at "C:\Program Files (x86)\MSBuild\14.0\Microsoft.Common.targets\ImportAfter\Xamarin.Common.targets (41,71)" does not exist in the project, and will be ignored.
Project "E:\projects\SilentTurtle\Tryouts\test2\testApp.sln" (1) is building "E:\projects\SilentTurtle\Tryouts\test2\testApp.Tests\testApp.Tests.csproj" (3) on node 1 (Publish target(s)).
_DeploymentUnpublishable:
  Skipping unpublishable project.
Done Building Project "E:\projects\SilentTurtle\Tryouts\test2\testApp.Tests\testApp.Tests.csproj" (Publish target(s)).
Done Building Project "E:\projects\SilentTurtle\Tryouts\test2\testApp.sln" (publish target(s)).

Build succeeded.
    0 Warning(s)
    0 Error(s)

Time Elapsed 00:00:00.62
Build started 3/23/2017 9:42:20 PM.
Project "E:\projects\SilentTurtle\Tryouts\test2\testApp.sln" on node 1 (publish target(s)).
ValidateSolutionConfiguration:
  Building solution configuration "Release|Any CPU".
The target "_ConvertPdbFiles" listed in a BeforeTargets attribute at "C:\Program Files (x86)\MSBuild\14.0\Microsoft.Common.targets\ImportAfter\Xamarin.Common.targets (34,37)" does not exist in the project, and will be ignored.
The target "_CollectPdbFiles" listed in an AfterTargets attribute at "C:\Program Files (x86)\MSBuild\14.0\Microsoft.Common.targets\ImportAfter\Xamarin.Common.targets (34,70)" does not exist in the project, and will be ignored.
The target "_CollectMdbFiles" listed in a BeforeTargets attribute at "C:\Program Files (x86)\MSBuild\14.0\Microsoft.Common.targets\ImportAfter\Xamarin.Common.targets (41,38)" does not exist in the project, and will be ignored.
The target "_CopyMdbFiles" listed in an AfterTargets attribute at "C:\Program Files (x86)\MSBuild\14.0\Microsoft.Common.targets\ImportAfter\Xamarin.Common.targets (41,71)" does not exist in the project, and will be ignored.
The target "MvcBuildViews" listed in a BeforeTargets attribute at "C:\Program Files (x86)\MSBuild\Microsoft\VisualStudio\v14.0\Web\Microsoft.Web.Publishing.targets (845,131)" does not exist in the project, and will be ignored.
Project "E:\projects\SilentTurtle\Tryouts\test2\testApp.sln" (1) is building "E:\projects\SilentTurtle\Tryouts\test2\testApp\testApp.csproj" (2) on node 1 (Publish target(s)).
_DeploymentUnpublishable:
  Skipping unpublishable project.
Done Building Project "E:\projects\SilentTurtle\Tryouts\test2\testApp\testApp.csproj" (Publish target(s)).
The target "_ConvertPdbFiles" listed in a BeforeTargets attribute at "C:\Program Files (x86)\MSBuild\14.0\Microsoft.Common.targets\ImportAfter\Xamarin.Common.targets (34,37)" does not exist in the project, and will be ignored.
The target "_CollectPdbFiles" listed in an AfterTargets attribute at "C:\Program Files (x86)\MSBuild\14.0\Microsoft.Common.targets\ImportAfter\Xamarin.Common.targets (34,70)" does not exist in the project, and will be ignored.
The target "_CollectMdbFiles" listed in a BeforeTargets attribute at "C:\Program Files (x86)\MSBuild\14.0\Microsoft.Common.targets\ImportAfter\Xamarin.Common.targets (41,38)" does not exist in the project, and will be ignored.
The target "_CopyMdbFiles" listed in an AfterTargets attribute at "C:\Program Files (x86)\MSBuild\14.0\Microsoft.Common.targets\ImportAfter\Xamarin.Common.targets (41,71)" does not exist in the project, and will be ignored.
Project "E:\projects\SilentTurtle\Tryouts\test2\testApp.sln" (1) is building "E:\projects\SilentTurtle\Tryouts\test2\testApp.Tests\testApp.Tests.csproj" (3) on node 1 (Publish target(s)).
_DeploymentUnpublishable:
  Skipping unpublishable project.
Done Building Project "E:\projects\SilentTurtle\Tryouts\test2\testApp.Tests\testApp.Tests.csproj" (Publish target(s)).
Done Building Project "E:\projects\SilentTurtle\Tryouts\test2\testApp.sln" (publish target(s)).

Build succeeded.
    0 Warning(s)
    0 Error(s)

Time Elapsed 00:00:00.61
Build started 3/23/2017 9:43:20 PM.
Project "E:\projects\SilentTurtle\Tryouts\test2\testApp.sln" on node 1 (built target(s)).
ValidateSolutionConfiguration:
  Building solution configuration "Release|Any CPU".
E:\projects\SilentTurtle\Tryouts\test2\testApp.sln.metaproj : error MSB4057: The target "built" does not exist in the project. [E:\projects\SilentTurtle\Tryouts\test2\testApp.sln]
Done Building Project "E:\projects\SilentTurtle\Tryouts\test2\testApp.sln" (built target(s)) -- FAILED.

Build FAILED.

"E:\projects\SilentTurtle\Tryouts\test2\testApp.sln" (built target) (1) ->
  E:\projects\SilentTurtle\Tryouts\test2\testApp.sln.metaproj : error MSB4057: The target "built" does not exist in the project. [E:\projects\SilentTurtle\Tryouts\test2\testApp.sln]

    0 Warning(s)
    1 Error(s)

Time Elapsed 00:00:00.37
Build started 3/23/2017 9:43:34 PM.
Project "E:\projects\SilentTurtle\Tryouts\test2\testApp.sln" on node 1 (build target(s)).
ValidateSolutionConfiguration:
  Building solution configuration "Release|Any CPU".
The target "_ConvertPdbFiles" listed in a BeforeTargets attribute at "C:\Program Files (x86)\MSBuild\14.0\Microsoft.Common.targets\ImportAfter\Xamarin.Common.targets (34,37)" does not exist in the project, and will be ignored.
The target "_CollectPdbFiles" listed in an AfterTargets attribute at "C:\Program Files (x86)\MSBuild\14.0\Microsoft.Common.targets\ImportAfter\Xamarin.Common.targets (34,70)" does not exist in the project, and will be ignored.
The target "_CollectMdbFiles" listed in a BeforeTargets attribute at "C:\Program Files (x86)\MSBuild\14.0\Microsoft.Common.targets\ImportAfter\Xamarin.Common.targets (41,38)" does not exist in the project, and will be ignored.
The target "_CopyMdbFiles" listed in an AfterTargets attribute at "C:\Program Files (x86)\MSBuild\14.0\Microsoft.Common.targets\ImportAfter\Xamarin.Common.targets (41,71)" does not exist in the project, and will be ignored.
The target "MvcBuildViews" listed in a BeforeTargets attribute at "C:\Program Files (x86)\MSBuild\Microsoft\VisualStudio\v14.0\Web\Microsoft.Web.Publishing.targets (845,131)" does not exist in the project, and will be ignored.
Project "E:\projects\SilentTurtle\Tryouts\test2\testApp.sln" (1) is building "E:\projects\SilentTurtle\Tryouts\test2\testApp\testApp.csproj" (2) on node 1 (default targets).
PrepareForBuild:
  Creating directory "bin\".
GenerateTargetFrameworkMonikerAttribute:
Skipping target "GenerateTargetFrameworkMonikerAttribute" because all output files are up-to-date with respect to the input files.
CoreCompile:
  E:\projects\SilentTurtle\Tryouts\test2\packages\Microsoft.Net.Compilers.1.0.0\build\..\tools\csc.exe /noconfig /nowarn:1701,1702 /nostdlib+ /errorreport:prompt /warn:4 /define:TRACE /highentropyva+ /reference:E:\projects\SilentTurtle\Tryouts\test2\packages\Microsoft.CodeDom.Providers.DotNetCompilerPlatform.1.0.0\lib\net45\Microsoft.CodeDom.Providers.DotNetCompilerPlatform.dll /reference:"C:\Program Files (x86)\Reference Assemblies\Microsoft\Framework\.NETFramework\v4.6\Microsoft.CSharp.dll" /reference:"C:\Program Files (x86)\Reference Assemblies\Microsoft\Framework\.NETFramework\v4.6\mscorlib.dll" /reference:"C:\Program Files (x86)\Reference Assemblies\Microsoft\Framework\.NETFramework\v4.6\System.ComponentModel.DataAnnotations.dll" /reference:"C:\Program Files (x86)\Reference Assemblies\Microsoft\Framework\.NETFramework\v4.6\System.Configuration.dll" /reference:"C:\Program Files (x86)\Reference Assemblies\Microsoft\Framework\.NETFramework\v4.6\System.Core.dll" /reference:"C:\Program Files (x86)\Reference Assemblies\Microsoft\Framework\.NETFramework\v4.6\System.Data.DataSetExtensions.dll" /reference:"C:\Program Files (x86)\Reference Assemblies\Microsoft\Framework\.NETFramework\v4.6\System.Data.dll" /reference:"C:\Program Files (x86)\Reference Assemblies\Microsoft\Framework\.NETFramework\v4.6\System.dll" /reference:"C:\Program Files (x86)\Reference Assemblies\Microsoft\Framework\.NETFramework\v4.6\System.Drawing.dll" /reference:"C:\Program Files (x86)\Reference Assemblies\Microsoft\Framework\.NETFramework\v4.6\System.EnterpriseServices.dll" /reference:"C:\Program Files (x86)\Reference Assemblies\Microsoft\Framework\.NETFramework\v4.6\System.Web.ApplicationServices.dll" /reference:"C:\Program Files (x86)\Reference Assemblies\Microsoft\Framework\.NETFramework\v4.6\System.Web.dll" /reference:"C:\Program Files (x86)\Reference Assemblies\Microsoft\Framework\.NETFramework\v4.6\System.Web.DynamicData.dll" /reference:"C:\Program Files (x86)\Reference Assemblies\Microsoft\Framework\.NETFramework\v4.6\System.Web.Entity.dll" /reference:"C:\Program Files (x86)\Reference Assemblies\Microsoft\Framework\.NETFramework\v4.6\System.Web.Extensions.dll" /reference:"C:\Program Files (x86)\Reference Assemblies\Microsoft\Framework\.NETFramework\v4.6\System.Web.Services.dll" /reference:"C:\Program Files (x86)\Reference Assemblies\Microsoft\Framework\.NETFramework\v4.6\System.Xml.dll" /reference:"C:\Program Files (x86)\Reference Assemblies\Microsoft\Framework\.NETFramework\v4.6\System.Xml.Linq.dll" /debug:pdbonly /optimize+ /out:obj\Release\testApp.dll /ruleset:"C:\Program Files (x86)\Microsoft Visual Studio 14.0\Team Tools\Static Analysis Tools\\Rule Sets\MinimumRecommendedRules.ruleset" /subsystemversion:6.00 /target:library /utf8output Default.aspx.cs Default.aspx.designer.cs Global.asax.cs Properties\AssemblyInfo.cs "C:\Users\bakam\AppData\Local\Temp\.NETFramework,Version=v4.6.AssemblyAttributes.cs"
_CopyFilesMarkedCopyLocal:
  Copying file from "E:\projects\SilentTurtle\Tryouts\test2\packages\Microsoft.CodeDom.Providers.DotNetCompilerPlatform.1.0.0\lib\net45\Microsoft.CodeDom.Providers.DotNetCompilerPlatform.dll" to "bin\Microsoft.CodeDom.Providers.DotNetCompilerPlatform.dll".
  Copying file from "E:\projects\SilentTurtle\Tryouts\test2\packages\Microsoft.CodeDom.Providers.DotNetCompilerPlatform.1.0.0\lib\net45\Microsoft.CodeDom.Providers.DotNetCompilerPlatform.xml" to "bin\Microsoft.CodeDom.Providers.DotNetCompilerPlatform.xml".
_CopyOutOfDateSourceItemsToOutputDirectory:
  Creating directory "bin\roslyn".
  Copying file from "E:\projects\SilentTurtle\Tryouts\test2\packages\Microsoft.Net.Compilers.1.0.0\tools\csc.exe" to "bin\roslyn\csc.exe".
  Copying file from "E:\projects\SilentTurtle\Tryouts\test2\packages\Microsoft.Net.Compilers.1.0.0\tools\Microsoft.Build.Tasks.CodeAnalysis.dll" to "bin\roslyn\Microsoft.Build.Tasks.CodeAnalysis.dll".
  Copying file from "E:\projects\SilentTurtle\Tryouts\test2\packages\Microsoft.Net.Compilers.1.0.0\tools\Microsoft.CodeAnalysis.CSharp.dll" to "bin\roslyn\Microsoft.CodeAnalysis.CSharp.dll".
  Copying file from "E:\projects\SilentTurtle\Tryouts\test2\packages\Microsoft.Net.Compilers.1.0.0\tools\Microsoft.CodeAnalysis.dll" to "bin\roslyn\Microsoft.CodeAnalysis.dll".
  Copying file from "E:\projects\SilentTurtle\Tryouts\test2\packages\Microsoft.Net.Compilers.1.0.0\tools\Microsoft.CodeAnalysis.VisualBasic.dll" to "bin\roslyn\Microsoft.CodeAnalysis.VisualBasic.dll".
  Copying file from "E:\projects\SilentTurtle\Tryouts\test2\packages\Microsoft.Net.Compilers.1.0.0\tools\Microsoft.CSharp.Core.targets" to "bin\roslyn\Microsoft.CSharp.Core.targets".
  Copying file from "E:\projects\SilentTurtle\Tryouts\test2\packages\Microsoft.Net.Compilers.1.0.0\tools\Microsoft.VisualBasic.Core.targets" to "bin\roslyn\Microsoft.VisualBasic.Core.targets".
  Copying file from "E:\projects\SilentTurtle\Tryouts\test2\packages\Microsoft.Net.Compilers.1.0.0\tools\System.Collections.Immutable.dll" to "bin\roslyn\System.Collections.Immutable.dll".
  Copying file from "E:\projects\SilentTurtle\Tryouts\test2\packages\Microsoft.Net.Compilers.1.0.0\tools\System.Reflection.Metadata.dll" to "bin\roslyn\System.Reflection.Metadata.dll".
  Copying file from "E:\projects\SilentTurtle\Tryouts\test2\packages\Microsoft.Net.Compilers.1.0.0\tools\vbc.exe" to "bin\roslyn\vbc.exe".
  Copying file from "E:\projects\SilentTurtle\Tryouts\test2\packages\Microsoft.Net.Compilers.1.0.0\tools\VBCSCompiler.exe" to "bin\roslyn\VBCSCompiler.exe".
  Copying file from "E:\projects\SilentTurtle\Tryouts\test2\packages\Microsoft.Net.Compilers.1.0.0\tools\VBCSCompiler.exe.config" to "bin\roslyn\VBCSCompiler.exe.config".
_CopyAppConfigFile:
  Copying file from "Web.config" to "bin\testApp.dll.config".
CopyFilesToOutputDirectory:
  Copying file from "obj\Release\testApp.dll" to "bin\testApp.dll".
  testApp -> E:\projects\SilentTurtle\Tryouts\test2\testApp\bin\testApp.dll
  Copying file from "obj\Release\testApp.pdb" to "bin\testApp.pdb".
Done Building Project "E:\projects\SilentTurtle\Tryouts\test2\testApp\testApp.csproj" (default targets).
The target "_ConvertPdbFiles" listed in a BeforeTargets attribute at "C:\Program Files (x86)\MSBuild\14.0\Microsoft.Common.targets\ImportAfter\Xamarin.Common.targets (34,37)" does not exist in the project, and will be ignored.
The target "_CollectPdbFiles" listed in an AfterTargets attribute at "C:\Program Files (x86)\MSBuild\14.0\Microsoft.Common.targets\ImportAfter\Xamarin.Common.targets (34,70)" does not exist in the project, and will be ignored.
The target "_CollectMdbFiles" listed in a BeforeTargets attribute at "C:\Program Files (x86)\MSBuild\14.0\Microsoft.Common.targets\ImportAfter\Xamarin.Common.targets (41,38)" does not exist in the project, and will be ignored.
The target "_CopyMdbFiles" listed in an AfterTargets attribute at "C:\Program Files (x86)\MSBuild\14.0\Microsoft.Common.targets\ImportAfter\Xamarin.Common.targets (41,71)" does not exist in the project, and will be ignored.
Project "E:\projects\SilentTurtle\Tryouts\test2\testApp.sln" (1) is building "E:\projects\SilentTurtle\Tryouts\test2\testApp.Tests\testApp.Tests.csproj" (3) on node 1 (default targets).
GenerateTargetFrameworkMonikerAttribute:
Skipping target "GenerateTargetFrameworkMonikerAttribute" because all output files are up-to-date with respect to the input files.
CoreCompile:
  C:\Program Files (x86)\MSBuild\14.0\bin\csc.exe /noconfig /nowarn:1701,1702 /nostdlib+ /errorreport:prompt /warn:4 /define:TRACE /highentropyva+ /reference:"C:\Program Files (x86)\Reference Assemblies\Microsoft\Framework\.NETFramework\v4.6\Microsoft.CSharp.dll" /reference:"C:\Program Files (x86)\Microsoft Visual Studio 14.0\Common7\IDE\PublicAssemblies\Microsoft.VisualStudio.QualityTools.UnitTestFramework.dll" /reference:"C:\Program Files (x86)\Reference Assemblies\Microsoft\Framework\.NETFramework\v4.6\mscorlib.dll" /reference:"C:\Program Files (x86)\Reference Assemblies\Microsoft\Framework\.NETFramework\v4.6\System.ComponentModel.DataAnnotations.dll" /reference:"C:\Program Files (x86)\Reference Assemblies\Microsoft\Framework\.NETFramework\v4.6\System.Configuration.dll" /reference:"C:\Program Files (x86)\Reference Assemblies\Microsoft\Framework\.NETFramework\v4.6\System.Core.dll" /reference:"C:\Program Files (x86)\Reference Assemblies\Microsoft\Framework\.NETFramework\v4.6\System.Data.dll" /reference:"C:\Program Files (x86)\Reference Assemblies\Microsoft\Framework\.NETFramework\v4.6\System.dll" /reference:"C:\Program Files (x86)\Reference Assemblies\Microsoft\Framework\.NETFramework\v4.6\System.Web.Abstractions.dll" /reference:"C:\Program Files (x86)\Reference Assemblies\Microsoft\Framework\.NETFramework\v4.6\System.Web.ApplicationServices.dll" /reference:"C:\Program Files (x86)\Reference Assemblies\Microsoft\Framework\.NETFramework\v4.6\System.Web.dll" /reference:"C:\Program Files (x86)\Reference Assemblies\Microsoft\Framework\.NETFramework\v4.6\System.Web.Extensions.dll" /reference:"C:\Program Files (x86)\Reference Assemblies\Microsoft\Framework\.NETFramework\v4.6\System.Web.Routing.dll" /reference:"C:\Program Files (x86)\Reference Assemblies\Microsoft\Framework\.NETFramework\v4.6\System.Xml.dll" /reference:"C:\Program Files (x86)\Reference Assemblies\Microsoft\Framework\.NETFramework\v4.6\System.Xml.Linq.dll" /reference:E:\projects\SilentTurtle\Tryouts\test2\testApp\bin\testApp.dll /debug:pdbonly /filealign:512 /optimize+ /out:obj\Release\testApp.Tests.dll /ruleset:"C:\Program Files (x86)\Microsoft Visual Studio 14.0\Team Tools\Static Analysis Tools\\Rule Sets\MinimumRecommendedRules.ruleset" /subsystemversion:6.00 /target:library /utf8output UnitTest1.cs Properties\AssemblyInfo.cs "C:\Users\bakam\AppData\Local\Temp\.NETFramework,Version=v4.6.AssemblyAttributes.cs"
  Using shared compilation with compiler from directory: C:\Program Files (x86)\MSBuild\14.0\Bin
_CopyFilesMarkedCopyLocal:
  Copying file from "C:\Program Files (x86)\Microsoft Visual Studio 14.0\Common7\IDE\PublicAssemblies\Microsoft.VisualStudio.QualityTools.UnitTestFramework.dll" to "bin\Release\Microsoft.VisualStudio.QualityTools.UnitTestFramework.dll".
  Copying file from "E:\projects\SilentTurtle\Tryouts\test2\testApp\bin\testApp.dll" to "bin\Release\testApp.dll".
  Copying file from "E:\projects\SilentTurtle\Tryouts\test2\testApp\bin\testApp.pdb" to "bin\Release\testApp.pdb".
  Copying file from "C:\Program Files (x86)\Microsoft Visual Studio 14.0\Common7\IDE\PublicAssemblies\Microsoft.VisualStudio.QualityTools.UnitTestFramework.xml" to "bin\Release\Microsoft.VisualStudio.QualityTools.UnitTestFramework.xml".
_CopyOutOfDateSourceItemsToOutputDirectory:
  Copying file from "E:\projects\SilentTurtle\Tryouts\test2\packages\Microsoft.Net.Compilers.1.0.0\tools\csc.exe" to "bin\Release\roslyn\csc.exe".
  Copying file from "E:\projects\SilentTurtle\Tryouts\test2\packages\Microsoft.Net.Compilers.1.0.0\tools\Microsoft.Build.Tasks.CodeAnalysis.dll" to "bin\Release\roslyn\Microsoft.Build.Tasks.CodeAnalysis.dll".
  Copying file from "E:\projects\SilentTurtle\Tryouts\test2\packages\Microsoft.Net.Compilers.1.0.0\tools\Microsoft.CodeAnalysis.CSharp.dll" to "bin\Release\roslyn\Microsoft.CodeAnalysis.CSharp.dll".
  Copying file from "E:\projects\SilentTurtle\Tryouts\test2\packages\Microsoft.Net.Compilers.1.0.0\tools\Microsoft.CodeAnalysis.dll" to "bin\Release\roslyn\Microsoft.CodeAnalysis.dll".
  Copying file from "E:\projects\SilentTurtle\Tryouts\test2\packages\Microsoft.Net.Compilers.1.0.0\tools\Microsoft.CodeAnalysis.VisualBasic.dll" to "bin\Release\roslyn\Microsoft.CodeAnalysis.VisualBasic.dll".
  Copying file from "E:\projects\SilentTurtle\Tryouts\test2\packages\Microsoft.Net.Compilers.1.0.0\tools\Microsoft.CSharp.Core.targets" to "bin\Release\roslyn\Microsoft.CSharp.Core.targets".
  Copying file from "E:\projects\SilentTurtle\Tryouts\test2\packages\Microsoft.Net.Compilers.1.0.0\tools\Microsoft.VisualBasic.Core.targets" to "bin\Release\roslyn\Microsoft.VisualBasic.Core.targets".
  Copying file from "E:\projects\SilentTurtle\Tryouts\test2\packages\Microsoft.Net.Compilers.1.0.0\tools\System.Collections.Immutable.dll" to "bin\Release\roslyn\System.Collections.Immutable.dll".
  Copying file from "E:\projects\SilentTurtle\Tryouts\test2\packages\Microsoft.Net.Compilers.1.0.0\tools\System.Reflection.Metadata.dll" to "bin\Release\roslyn\System.Reflection.Metadata.dll".
  Copying file from "E:\projects\SilentTurtle\Tryouts\test2\packages\Microsoft.Net.Compilers.1.0.0\tools\vbc.exe" to "bin\Release\roslyn\vbc.exe".
  Copying file from "E:\projects\SilentTurtle\Tryouts\test2\packages\Microsoft.Net.Compilers.1.0.0\tools\VBCSCompiler.exe" to "bin\Release\roslyn\VBCSCompiler.exe".
  Copying file from "E:\projects\SilentTurtle\Tryouts\test2\packages\Microsoft.Net.Compilers.1.0.0\tools\VBCSCompiler.exe.config" to "bin\Release\roslyn\VBCSCompiler.exe.config".
CopyFilesToOutputDirectory:
  Copying file from "obj\Release\testApp.Tests.dll" to "bin\Release\testApp.Tests.dll".
  testApp.Tests -> E:\projects\SilentTurtle\Tryouts\test2\testApp.Tests\bin\Release\testApp.Tests.dll
  Copying file from "obj\Release\testApp.Tests.pdb" to "bin\Release\testApp.Tests.pdb".
Done Building Project "E:\projects\SilentTurtle\Tryouts\test2\testApp.Tests\testApp.Tests.csproj" (default targets).
Done Building Project "E:\projects\SilentTurtle\Tryouts\test2\testApp.sln" (build target(s)).

Build succeeded.
    0 Warning(s)
    0 Error(s)

Time Elapsed 00:00:07.16
